mode: set
todo-api-v1/Dbmain.go:23.58,26.17 2 1
todo-api-v1/Dbmain.go:26.17,27.19 1 0
todo-api-v1/Dbmain.go:28.23,29.18 1 0
todo-api-v1/Dbmain.go:31.24,32.20 1 0
todo-api-v1/Dbmain.go:34.11,35.68 1 0
todo-api-v1/Dbmain.go:38.3,38.9 1 0
todo-api-v1/Dbmain.go:39.8,41.17 2 1
todo-api-v1/Dbmain.go:41.17,43.4 1 1
todo-api-v1/Dbmain.go:44.3,44.19 1 1
todo-api-v1/Dbmain.go:45.23,46.21 1 1
todo-api-v1/Dbmain.go:47.23,48.24 1 1
todo-api-v1/Dbmain.go:49.26,50.24 1 1
todo-api-v1/Dbmain.go:56.55,59.16 2 1
todo-api-v1/Dbmain.go:59.16,62.3 2 0
todo-api-v1/Dbmain.go:64.2,66.18 2 1
todo-api-v1/Dbmain.go:66.18,69.17 3 1
todo-api-v1/Dbmain.go:69.17,71.4 1 0
todo-api-v1/Dbmain.go:72.3,72.27 1 1
todo-api-v1/Dbmain.go:75.2,75.35 1 1
todo-api-v1/Dbmain.go:75.35,78.3 2 0
todo-api-v1/Dbmain.go:80.2,82.16 3 1
todo-api-v1/Dbmain.go:82.16,84.3 1 0
todo-api-v1/Dbmain.go:87.57,90.16 3 1
todo-api-v1/Dbmain.go:90.16,93.3 2 1
todo-api-v1/Dbmain.go:95.2,95.24 1 1
todo-api-v1/Dbmain.go:95.24,98.3 2 0
todo-api-v1/Dbmain.go:100.2,101.16 2 1
todo-api-v1/Dbmain.go:101.16,104.3 2 0
todo-api-v1/Dbmain.go:105.2,106.16 2 1
todo-api-v1/Dbmain.go:106.16,108.3 1 0
todo-api-v1/Dbmain.go:110.2,113.36 4 1
todo-api-v1/Dbmain.go:117.62,123.16 3 1
todo-api-v1/Dbmain.go:123.16,125.27 1 1
todo-api-v1/Dbmain.go:125.27,128.4 1 1
todo-api-v1/Dbmain.go:128.9,131.4 1 0
todo-api-v1/Dbmain.go:132.3,132.9 1 1
todo-api-v1/Dbmain.go:136.2,137.30 2 1
todo-api-v1/Dbmain.go:140.65,143.16 2 1
todo-api-v1/Dbmain.go:143.16,146.3 2 0
todo-api-v1/Dbmain.go:148.2,149.23 2 1
todo-api-v1/Dbmain.go:149.23,152.3 2 1
todo-api-v1/Dbmain.go:154.2,154.37 1 1
todo-api-v1/Dbmain.go:157.65,160.16 3 1
todo-api-v1/Dbmain.go:160.16,163.3 2 1
todo-api-v1/Dbmain.go:164.2,164.27 1 1
todo-api-v1/Dbmain.go:164.27,167.3 2 1
todo-api-v1/Dbmain.go:168.2,171.16 3 1
todo-api-v1/Dbmain.go:171.16,174.3 2 0
todo-api-v1/Dbmain.go:175.2,176.23 2 1
todo-api-v1/Dbmain.go:176.23,179.3 2 1
todo-api-v1/Dbmain.go:180.2,181.39 2 1
todo-api-v1/Dbmain.go:185.16,188.16 3 0
todo-api-v1/Dbmain.go:188.16,190.3 1 0
todo-api-v1/Dbmain.go:192.2,202.16 3 0
todo-api-v1/Dbmain.go:202.16,204.3 1 0
todo-api-v1/Dbmain.go:206.2,206.69 1 0
todo-api-v1/Dbmain.go:209.13,214.16 4 0
todo-api-v1/Dbmain.go:214.16,216.3 1 0
todo-api-v1/Dbmain.go:218.2,228.16 3 0
todo-api-v1/Dbmain.go:228.16,230.3 1 0
todo-api-v1/Dbmain.go:232.2,240.16 5 0
todo-api-v1/Dbmain.go:240.16,242.3 1 0
