mode: set
todo-api-v1/Dbmain.go:23.58,26.17 2 0
todo-api-v1/Dbmain.go:26.17,27.19 1 0
todo-api-v1/Dbmain.go:28.23,29.18 1 0
todo-api-v1/Dbmain.go:31.24,32.20 1 0
todo-api-v1/Dbmain.go:34.11,35.68 1 0
todo-api-v1/Dbmain.go:38.3,38.9 1 0
todo-api-v1/Dbmain.go:39.8,41.17 2 0
todo-api-v1/Dbmain.go:41.17,43.4 1 0
todo-api-v1/Dbmain.go:44.3,44.19 1 0
todo-api-v1/Dbmain.go:45.23,46.21 1 0
todo-api-v1/Dbmain.go:47.23,48.24 1 0
todo-api-v1/Dbmain.go:49.26,50.24 1 0
todo-api-v1/Dbmain.go:56.55,59.16 2 1
todo-api-v1/Dbmain.go:59.16,62.3 2 0
todo-api-v1/Dbmain.go:64.2,66.18 2 1
todo-api-v1/Dbmain.go:66.18,69.17 3 1
todo-api-v1/Dbmain.go:69.17,71.4 1 0
todo-api-v1/Dbmain.go:72.3,72.27 1 1
todo-api-v1/Dbmain.go:75.2,75.35 1 1
todo-api-v1/Dbmain.go:75.35,78.3 2 0
todo-api-v1/Dbmain.go:80.2,82.16 3 1
todo-api-v1/Dbmain.go:82.16,84.3 1 0
todo-api-v1/Dbmain.go:87.57,90.16 3 0
todo-api-v1/Dbmain.go:90.16,93.3 2 0
todo-api-v1/Dbmain.go:95.2,95.24 1 0
todo-api-v1/Dbmain.go:95.24,98.3 2 0
todo-api-v1/Dbmain.go:100.2,101.16 2 0
todo-api-v1/Dbmain.go:101.16,104.3 2 0
todo-api-v1/Dbmain.go:105.2,106.16 2 0
todo-api-v1/Dbmain.go:106.16,108.3 1 0
todo-api-v1/Dbmain.go:110.2,113.36 4 0
todo-api-v1/Dbmain.go:117.62,120.16 2 0
todo-api-v1/Dbmain.go:120.16,122.3 1 0
todo-api-v1/Dbmain.go:124.2,125.17 2 0
todo-api-v1/Dbmain.go:125.17,127.17 2 0
todo-api-v1/Dbmain.go:127.17,129.4 1 0
todo-api-v1/Dbmain.go:131.2,131.16 1 0
todo-api-v1/Dbmain.go:131.16,133.3 1 0
todo-api-v1/Dbmain.go:135.2,137.16 3 0
todo-api-v1/Dbmain.go:137.16,139.3 1 0
todo-api-v1/Dbmain.go:143.65,146.16 2 0
todo-api-v1/Dbmain.go:146.16,149.3 2 0
todo-api-v1/Dbmain.go:151.2,152.23 2 0
todo-api-v1/Dbmain.go:152.23,155.3 2 0
todo-api-v1/Dbmain.go:157.2,157.37 1 0
todo-api-v1/Dbmain.go:160.65,163.16 3 0
todo-api-v1/Dbmain.go:163.16,166.3 2 0
todo-api-v1/Dbmain.go:167.2,167.27 1 0
todo-api-v1/Dbmain.go:167.27,170.3 2 0
todo-api-v1/Dbmain.go:171.2,174.16 3 0
todo-api-v1/Dbmain.go:174.16,177.3 2 0
todo-api-v1/Dbmain.go:178.2,179.23 2 0
todo-api-v1/Dbmain.go:179.23,182.3 2 0
todo-api-v1/Dbmain.go:183.2,184.39 2 0
todo-api-v1/Dbmain.go:188.16,191.16 3 0
todo-api-v1/Dbmain.go:191.16,193.3 1 0
todo-api-v1/Dbmain.go:195.2,205.16 3 0
todo-api-v1/Dbmain.go:205.16,207.3 1 0
todo-api-v1/Dbmain.go:209.2,209.69 1 0
todo-api-v1/Dbmain.go:212.13,217.16 4 0
todo-api-v1/Dbmain.go:217.16,219.3 1 0
todo-api-v1/Dbmain.go:221.2,231.16 3 0
todo-api-v1/Dbmain.go:231.16,233.3 1 0
todo-api-v1/Dbmain.go:235.2,243.16 5 0
todo-api-v1/Dbmain.go:243.16,245.3 1 0
